make all --print-data-base --no-builtin-variables --no-builtin-rules --question
# GNU Make 4.3
# Built for x86_64-pc-linux-gnu
# Copyright (C) 1988-2020 Free Software Foundation, Inc.
# License GPLv3+: GNU GPL version 3 or later <http://gnu.org/licenses/gpl.html>
# This is free software: you are free to change and redistribute it.
# There is NO WARRANTY, to the extent permitted by law.

# Make data base, printed on Sat Jun 17 18:55:25 2023

# Variables

# environment
LC_ALL = C
# environment
VSCODE_CWD = /u/halle/gaertnep/home_at
# environment
UBUNTU_MENUPROXY = 1
# default
MAKE_COMMAND := make
# environment
VSCODE_HANDLES_SIGPIPE = true
# automatic
@D = $(patsubst %/,%,$(dir $@))
# environment
VSCODE_HANDLES_UNCAUGHT_ERRORS = true
# default
.VARIABLES := 
# environment
PWD = /u/halle/gaertnep/home_at/GRA/team223/Implementierung
# automatic
%D = $(patsubst %/,%,$(dir $%))
# environment
XDG_DATA_DIRS = /u/halle/gaertnep/home_at/.local/share/flatpak/exports/share:/var/lib/flatpak/exports/share:/usr/local/share:/usr/share
# automatic
^D = $(patsubst %/,%,$(dir $^))
# automatic
%F = $(notdir $%)
# environment
LANG = C
# default
.LOADED := 
# default
.INCLUDE_DIRS = /usr/local/include /usr/include /usr/include
# makefile
MAKEFLAGS = pqrR
# makefile
CURDIR := /u/halle/gaertnep/home_at/GRA/team223/Implementierung
# environment
APPLICATION_INSIGHTS_NO_DIAGNOSTIC_CHANNEL = 1
# automatic
*D = $(patsubst %/,%,$(dir $*))
# environment
MFLAGS = -pqrR
# default
.SHELLFLAGS := -c
# automatic
+D = $(patsubst %/,%,$(dir $+))
# makefile (from 'Makefile', line 1)
MAKEFILE_LIST := Makefile
# automatic
@F = $(notdir $@)
# environment
XDG_SESSION_TYPE = tty
# automatic
?D = $(patsubst %/,%,$(dir $?))
# automatic
*F = $(notdir $*)
# environment
DBUS_SESSION_BUS_ADDRESS = unix:path=/run/user/7676/bus
# automatic
<D = $(patsubst %/,%,$(dir $<))
# environment
VSCODE_NLS_CONFIG = {"locale":"en","osLocale":"en","availableLanguages":{}}
# default
MAKE_HOST := x86_64-pc-linux-gnu
# makefile
SHELL = /bin/sh
# default
MAKECMDGOALS := all
# environment
SHLVL = 1
# environment
MAKELEVEL := 0
# default
MAKE = $(MAKE_COMMAND)
# environment
PATH = /u/halle/gaertnep/home_at/.vscode-server/bin/695af097c7bd098fbf017ce3ac85e09bbc5dda06/bin/remote-cli:/usr/local/sbin:/usr/local/bin:/usr/sbin:/usr/bin:/sbin:/bin:/usr/applic/bin:/mount/dist/bin:/usr/games:/usr/local/games:/snap/bin:/opt/ghc/bin:/opt/cabal/bin:/opt/ghc/bin:/opt/cabal/bin
# default
MAKEFILES := 
# environment
MOTD_SHOWN = pam
# automatic
^F = $(notdir $^)
# environment
SSH_CLIENT = 62.216.210.114 44744 22
# automatic
?F = $(notdir $?)
# automatic
+F = $(notdir $+)
# 'override' directive
GNUMAKEFLAGS := 
# environment
BROWSER = /u/halle/gaertnep/home_at/.vscode-server/bin/695af097c7bd098fbf017ce3ac85e09bbc5dda06/bin/helpers/browser.sh
# environment
LOGNAME = gaertnep
# makefile
.DEFAULT_GOAL := all
# environment
USER = gaertnep
# environment
GTK_MODULES = appmenu-gtk-module:appmenu-gtk-module
# default
MAKE_VERSION := 4.3
# environment
VSCODE_AGENT_FOLDER = /u/halle/gaertnep/home_at/.vscode-server
# environment
_ = /u/halle/gaertnep/home_at/.vscode-server/bin/695af097c7bd098fbf017ce3ac85e09bbc5dda06/node
# environment
XDG_RUNTIME_DIR = /run/user/7676
# environment
VSCODE_IPC_HOOK_CLI = /run/user/7676/vscode-ipc-91735287-1b55-4041-8b75-1ed640025d03.sock
# environment
XDG_SESSION_CLASS = user
# environment
VSCODE_AMD_ENTRYPOINT = vs/workbench/api/node/extensionHostProcess
# environment
HOME = /u/halle/gaertnep/home_at
# environment
ELECTRON_RUN_AS_NODE = 1
# environment
XDG_SESSION_ID = 16768
# default
.RECIPEPREFIX := 
# automatic
<F = $(notdir $<)
# default
SUFFIXES := 
# environment
DEBUG = WARN
# default
.FEATURES := target-specific order-only second-expansion else-if shortest-stem undefine oneshell nocomment grouped-target extra-prereqs archives jobserver output-sync check-symlink load
# environment
SSH_CONNECTION = 62.216.210.114 44744 131.159.76.9 22
# variable set hash-table stats:
# Load=66/1024=6%, Rehash=0, Collisions=2/99=2%

# Pattern-specific Variable Values

# No pattern-specific variable values.

# Directories

# . (device 57, inode 304669469): 9 files, no impossibilities.

# 9 files, no impossibilities in 1 directories.

# Implicit Rules

# No implicit rules.

# Files

# Not a target:
Makefile:
#  Implicit rule search has been done.
#  Last modified 2023-06-15 14:54:45.020094728
#  File has been updated.
#  Successfully updated.

clean:
#  Implicit rule search has not been done.
#  Modification time never checked.
#  File has not been updated.
#  recipe to execute (from 'Makefile', line 5):
	rm -f zcurve
	rm -f zcurve.ppm
	rm -f zcurve.svg

# Not a target:
.DEFAULT:
#  Implicit rule search has not been done.
#  Modification time never checked.
#  File has not been updated.

# Not a target:
Z_Curve.c:
#  Implicit rule search has been done.
#  Last modified 2023-06-17 13:06:48.743371438
#  File has been updated.
#  Successfully updated.

all: zcurve
#  Command line target.
#  Implicit rule search has been done.
#  File does not exist.
#  File has been updated.
#  Needs to be updated (-q is set).
# variable set hash-table stats:
# Load=0/32=0%, Rehash=0, Collisions=0/3=0%

zcurve: Z_Curve.c
#  Implicit rule search has not been done.
#  Implicit/static pattern stem: ''
#  Last modified 2023-06-17 13:06:44.06334509
#  File has been updated.
#  Needs to be updated (-q is set).
# automatic
# @ := zcurve
# automatic
# * := 
# automatic
# < := Z_Curve.c
# automatic
# + := Z_Curve.c
# automatic
# % := 
# automatic
# ^ := Z_Curve.c
# automatic
# ? := Z_Curve.c
# automatic
# | := 
# variable set hash-table stats:
# Load=8/32=25%, Rehash=0, Collisions=1/11=9%
#  recipe to execute (from 'Makefile', line 3):
	gcc -o zcurve Z_Curve.c -lm

# Not a target:
.SUFFIXES:
#  Implicit rule search has not been done.
#  Modification time never checked.
#  File has not been updated.

# files hash-table stats:
# Load=7/1024=1%, Rehash=0, Collisions=0/22=0%
# VPATH Search Paths

# No 'vpath' search paths.

# No general ('VPATH' variable) search path.

# strcache buffers: 1 (0) / strings = 15 / storage = 128 B / avg = 8 B
# current buf: size = 8162 B / used = 128 B / count = 15 / avg = 8 B

# strcache performance: lookups = 27 / hit rate = 44%
# hash-table stats:
# Load=15/8192=0%, Rehash=0, Collisions=0/27=0%
# Finished Make data base on Sat Jun 17 18:55:25 2023

 
